# JRE version: Java(TM) SE Runtime Environment (19.0+36) (build 19+36-2238)
# Java VM: Java HotSpot(TM) 64-Bit Server VM (19+36-2238, mixed mode, sharing, tiered, compressed oops, compressed class ptrs, g1 gc, windows-amd64)
GC Precious Log:
 CardTable entry size: 512
 Card Set container configuration: InlinePtr #cards 4 size 8 Array Of Cards #cards 8 size 32 Howl #buckets 8 coarsen threshold 3686 Howl Bitmap #cards 512 size 80 coarsen threshold 460 Card regions per heap region 1 cards per card region 4096
 CPUs: 4 total, 4 available
 Memory: 16332M
 Large Page Support: Disabled
 NUMA Support: Disabled
 Compressed Oops: Enabled (Zero based)
 Heap Region Size: 2M
 Heap Min Capacity: 8M
 Heap Initial Capacity: 256M
 Heap Max Capacity: 4084M
 Pre-touch: Disabled
 Parallel Workers: 4
 Concurrent Workers: 1
 Concurrent Refinement Workers: 4
 Periodic GC: Disabled
Heap:
 garbage-first heap   total 1013760K, used 295936K [0x0000000700c00000, 0x0000000800000000)
  region size 2048K, 3 young (6144K), 3 survivors (6144K)
 Metaspace       used 31272K, committed 31552K, reserved 1114112K
  class space    used 3264K, committed 3392K, reserved 1048576K
GC Heap History (20 events):
Event: 75.926 GC heap after
{Heap after GC invocations=21 (full 0):
 garbage-first heap   total 337920K, used 164759K [0x0000000700c00000, 0x0000000800000000)
  region size 2048K, 5 young (10240K), 5 survivors (10240K)
 Metaspace       used 29592K, committed 29888K, reserved 1114112K
  class space    used 3228K, committed 3328K, reserved 1048576K
}
Event: 76.020 GC heap before
{Heap before GC invocations=21 (full 0):
 garbage-first heap   total 337920K, used 226199K [0x0000000700c00000, 0x0000000800000000)
  region size 2048K, 36 young (73728K), 5 survivors (10240K)
 Metaspace       used 29629K, committed 29888K, reserved 1114112K
  class space    used 3229K, committed 3328K, reserved 1048576K
}
Event: 76.042 GC heap after
{Heap after GC invocations=22 (full 0):
 garbage-first heap   total 337920K, used 192512K [0x0000000700c00000, 0x0000000800000000)
  region size 2048K, 5 young (10240K), 5 survivors (10240K)
 Metaspace       used 29629K, committed 29888K, reserved 1114112K
  class space    used 3229K, committed 3328K, reserved 1048576K
}
Event: 76.123 GC heap before
{Heap before GC invocations=22 (full 0):
 garbage-first heap   total 337920K, used 243712K [0x0000000700c00000, 0x0000000800000000)
  region size 2048K, 31 young (63488K), 5 survivors (10240K)
 Metaspace       used 29647K, committed 29888K, reserved 1114112K
  class space    used 3229K, committed 3328K, reserved 1048576K
}
Event: 76.140 GC heap after
{Heap after GC invocations=23 (full 0):
 garbage-first heap   total 1013760K, used 208896K [0x0000000700c00000, 0x0000000800000000)
  region size 2048K, 4 young (8192K), 4 survivors (8192K)
 Metaspace       used 29647K, committed 29888K, reserved 1114112K
  class space    used 3229K, committed 3328K, reserved 1048576K
}
Event: 76.589 GC heap before
{Heap before GC invocations=24 (full 0):
 garbage-first heap   total 894976K, used 485376K [0x0000000700c00000, 0x0000000800000000)
  region size 2048K, 140 young (286720K), 4 survivors (8192K)
 Metaspace       used 29673K, committed 29888K, reserved 1114112K
  class space    used 3229K, committed 3328K, reserved 1048576K
}
Event: 76.653 GC heap after
{Heap after GC invocations=25 (full 0):
 garbage-first heap   total 894976K, used 301056K [0x0000000700c00000, 0x0000000800000000)
  region size 2048K, 18 young (36864K), 18 survivors (36864K)
 Metaspace       used 29673K, committed 29888K, reserved 1114112K
  class space    used 3229K, committed 3328K, reserved 1048576K
}
Event: 76.657 GC heap before
{Heap before GC invocations=25 (full 0):
 garbage-first heap   total 894976K, used 307200K [0x0000000700c00000, 0x0000000800000000)
  region size 2048K, 21 young (43008K), 18 survivors (36864K)
 Metaspace       used 29676K, committed 29888K, reserved 1114112K
  class space    used 3229K, committed 3328K, reserved 1048576K
}
Event: 76.681 GC heap after
{Heap after GC invocations=26 (full 0):
 garbage-first heap   total 894976K, used 303104K [0x0000000700c00000, 0x0000000800000000)
  region size 2048K, 2 young (4096K), 2 survivors (4096K)
 Metaspace       used 29676K, committed 29888K, reserved 1114112K
  class space    used 3229K, committed 3328K, reserved 1048576K
}
Event: 212.256 GC heap before
{Heap before GC invocations=26 (full 0):
 garbage-first heap   total 894976K, used 425984K [0x0000000700c00000, 0x0000000800000000)
  region size 2048K, 64 young (131072K), 2 survivors (4096K)
 Metaspace       used 30760K, committed 31040K, reserved 1114112K
  class space    used 3256K, committed 3392K, reserved 1048576K
}
Event: 212.275 GC heap after
{Heap after GC invocations=27 (full 0):
 garbage-first heap   total 894976K, used 335872K [0x0000000700c00000, 0x0000000800000000)
  region size 2048K, 14 young (28672K), 14 survivors (28672K)
 Metaspace       used 30760K, committed 31040K, reserved 1114112K
  class space    used 3256K, committed 3392K, reserved 1048576K
}
Event: 352.106 GC heap before
{Heap before GC invocations=28 (full 0):
 garbage-first heap   total 880640K, used 487424K [0x0000000700c00000, 0x0000000800000000)
  region size 2048K, 119 young (243712K), 14 survivors (28672K)
 Metaspace       used 31198K, committed 31424K, reserved 1114112K
  class space    used 3263K, committed 3392K, reserved 1048576K
}
Event: 352.137 GC heap after
{Heap after GC invocations=29 (full 0):
 garbage-first heap   total 880640K, used 311296K [0x0000000700c00000, 0x0000000800000000)
  region size 2048K, 15 young (30720K), 15 survivors (30720K)
 Metaspace       used 31198K, committed 31424K, reserved 1114112K
  class space    used 3263K, committed 3392K, reserved 1048576K
}
Event: 352.151 GC heap before
{Heap before GC invocations=29 (full 0):
 garbage-first heap   total 880640K, used 323584K [0x0000000700c00000, 0x0000000800000000)
  region size 2048K, 21 young (43008K), 15 survivors (30720K)
 Metaspace       used 31199K, committed 31424K, reserved 1114112K
  class space    used 3263K, committed 3392K, reserved 1048576K
}
Event: 352.165 GC heap after
{Heap after GC invocations=30 (full 0):
 garbage-first heap   total 880640K, used 287744K [0x0000000700c00000, 0x0000000800000000)
  region size 2048K, 3 young (6144K), 3 survivors (6144K)
 Metaspace       used 31199K, committed 31424K, reserved 1114112K
  class space    used 3263K, committed 3392K, reserved 1048576K
}
Event: 352.396 GC heap before
{Heap before GC invocations=30 (full 0):
 garbage-first heap   total 880640K, used 551936K [0x0000000700c00000, 0x0000000800000000)
  region size 2048K, 133 young (272384K), 3 survivors (6144K)
 Metaspace       used 31218K, committed 31488K, reserved 1114112K
  class space    used 3263K, committed 3392K, reserved 1048576K
}
Event: 352.443 GC heap after
{Heap after GC invocations=31 (full 0):
 garbage-first heap   total 880640K, used 376832K [0x0000000700c00000, 0x0000000800000000)
  region size 2048K, 17 young (34816K), 17 survivors (34816K)
 Metaspace       used 31218K, committed 31488K, reserved 1114112K
  class space    used 3263K, committed 3392K, reserved 1048576K
}
Event: 352.772 GC heap before
{Heap before GC invocations=32 (full 0):
 garbage-first heap   total 880640K, used 481280K [0x0000000700c00000, 0x0000000800000000)
  region size 2048K, 122 young (249856K), 17 survivors (34816K)
 Metaspace       used 31272K, committed 31552K, reserved 1114112K
  class space    used 3264K, committed 3392K, reserved 1048576K
}
Event: 352.814 GC heap after
{Heap after GC invocations=33 (full 0):
 garbage-first heap   total 880640K, used 326656K [0x0000000700c00000, 0x0000000800000000)
  region size 2048K, 16 young (32768K), 16 survivors (32768K)
 Metaspace       used 31272K, committed 31552K, reserved 1114112K
  class space    used 3264K, committed 3392K, reserved 1048576K
}
Event: 352.817 GC heap before
{Heap before GC invocations=33 (full 0):
 garbage-first heap   total 880640K, used 336896K [0x0000000700c00000, 0x0000000800000000)
  region size 2048K, 21 young (43008K), 16 survivors (32768K)
 Metaspace       used 31272K, committed 31552K, reserved 1114112K
  class space    used 3264K, committed 3392K, reserved 1048576K
}

