# JRE version: Java(TM) SE Runtime Environment (19.0+36) (build 19+36-2238)
# Java VM: Java HotSpot(TM) 64-Bit Server VM (19+36-2238, mixed mode, sharing, tiered, compressed oops, compressed class ptrs, g1 gc, windows-amd64)
GC Precious Log:
 CardTable entry size: 512
 Card Set container configuration: InlinePtr #cards 4 size 8 Array Of Cards #cards 8 size 32 Howl #buckets 8 coarsen threshold 3686 Howl Bitmap #cards 512 size 80 coarsen threshold 460 Card regions per heap region 1 cards per card region 4096
 CPUs: 4 total, 4 available
 Memory: 16332M
 Large Page Support: Disabled
 NUMA Support: Disabled
 Compressed Oops: Enabled (Zero based)
 Heap Region Size: 2M
 Heap Min Capacity: 8M
 Heap Initial Capacity: 256M
 Heap Max Capacity: 4084M
 Pre-touch: Disabled
 Parallel Workers: 4
 Concurrent Workers: 1
 Concurrent Refinement Workers: 4
 Periodic GC: Disabled
Heap:
 garbage-first heap   total 1071104K, used 375808K [0x0000000700c00000, 0x0000000800000000)
  region size 2048K, 3 young (6144K), 3 survivors (6144K)
 Metaspace       used 33550K, committed 33856K, reserved 1114112K
  class space    used 3400K, committed 3520K, reserved 1048576K
GC Heap History (20 events):
Event: 1033.145 GC heap after
{Heap after GC invocations=57 (full 0):
 garbage-first heap   total 1044480K, used 410624K [0x0000000700c00000, 0x0000000800000000)
  region size 2048K, 18 young (36864K), 18 survivors (36864K)
 Metaspace       used 33233K, committed 33536K, reserved 1114112K
  class space    used 3393K, committed 3520K, reserved 1048576K
}
Event: 1033.149 GC heap before
{Heap before GC invocations=57 (full 0):
 garbage-first heap   total 1044480K, used 424960K [0x0000000700c00000, 0x0000000800000000)
  region size 2048K, 25 young (51200K), 18 survivors (36864K)
 Metaspace       used 33233K, committed 33536K, reserved 1114112K
  class space    used 3393K, committed 3520K, reserved 1048576K
}
Event: 1033.170 GC heap after
{Heap after GC invocations=58 (full 0):
 garbage-first heap   total 1044480K, used 367616K [0x0000000700c00000, 0x0000000800000000)
  region size 2048K, 4 young (8192K), 4 survivors (8192K)
 Metaspace       used 33233K, committed 33536K, reserved 1114112K
  class space    used 3393K, committed 3520K, reserved 1048576K
}
Event: 1141.066 GC heap before
{Heap before GC invocations=58 (full 0):
 garbage-first heap   total 1044480K, used 490496K [0x0000000700c00000, 0x0000000800000000)
  region size 2048K, 66 young (135168K), 4 survivors (8192K)
 Metaspace       used 33280K, committed 33536K, reserved 1114112K
  class space    used 3393K, committed 3520K, reserved 1048576K
}
Event: 1141.088 GC heap after
{Heap after GC invocations=59 (full 0):
 garbage-first heap   total 2299904K, used 395463K [0x0000000700c00000, 0x0000000800000000)
  region size 2048K, 18 young (36864K), 18 survivors (36864K)
 Metaspace       used 33280K, committed 33536K, reserved 1114112K
  class space    used 3393K, committed 3520K, reserved 1048576K
}
Event: 1216.734 GC heap before
{Heap before GC invocations=60 (full 0):
 garbage-first heap   total 970752K, used 942279K [0x0000000700c00000, 0x0000000800000000)
  region size 2048K, 339 young (694272K), 18 survivors (36864K)
 Metaspace       used 33318K, committed 33536K, reserved 1114112K
  class space    used 3393K, committed 3520K, reserved 1048576K
}
Event: 1216.795 GC heap after
{Heap after GC invocations=61 (full 0):
 garbage-first heap   total 1071104K, used 375609K [0x0000000700c00000, 0x0000000800000000)
  region size 2048K, 43 young (88064K), 43 survivors (88064K)
 Metaspace       used 33318K, committed 33536K, reserved 1114112K
  class space    used 3393K, committed 3520K, reserved 1048576K
}
Event: 1216.796 GC heap before
{Heap before GC invocations=61 (full 0):
 garbage-first heap   total 1071104K, used 377657K [0x0000000700c00000, 0x0000000800000000)
  region size 2048K, 44 young (90112K), 43 survivors (88064K)
 Metaspace       used 33318K, committed 33536K, reserved 1114112K
  class space    used 3393K, committed 3520K, reserved 1048576K
}
Event: 1216.835 GC heap after
{Heap after GC invocations=62 (full 0):
 garbage-first heap   total 1071104K, used 354304K [0x0000000700c00000, 0x0000000800000000)
  region size 2048K, 2 young (4096K), 2 survivors (4096K)
 Metaspace       used 33318K, committed 33536K, reserved 1114112K
  class space    used 3393K, committed 3520K, reserved 1048576K
}
Event: 1406.430 GC heap before
{Heap before GC invocations=62 (full 0):
 garbage-first heap   total 1071104K, used 661504K [0x0000000700c00000, 0x0000000800000000)
  region size 2048K, 153 young (313344K), 2 survivors (4096K)
 Metaspace       used 33442K, committed 33728K, reserved 1114112K
  class space    used 3394K, committed 3520K, reserved 1048576K
}
Event: 1406.457 GC heap after
{Heap after GC invocations=63 (full 0):
 garbage-first heap   total 1071104K, used 411648K [0x0000000700c00000, 0x0000000800000000)
  region size 2048K, 20 young (40960K), 20 survivors (40960K)
 Metaspace       used 33442K, committed 33728K, reserved 1114112K
  class space    used 3394K, committed 3520K, reserved 1048576K
}
Event: 1406.701 GC heap before
{Heap before GC invocations=64 (full 0):
 garbage-first heap   total 1071104K, used 592896K [0x0000000700c00000, 0x0000000800000000)
  region size 2048K, 164 young (335872K), 20 survivors (40960K)
 Metaspace       used 33455K, committed 33728K, reserved 1114112K
  class space    used 3395K, committed 3520K, reserved 1048576K
}
Event: 1406.739 GC heap after
{Heap after GC invocations=65 (full 0):
 garbage-first heap   total 1071104K, used 341230K [0x0000000700c00000, 0x0000000800000000)
  region size 2048K, 21 young (43008K), 21 survivors (43008K)
 Metaspace       used 33455K, committed 33728K, reserved 1114112K
  class space    used 3395K, committed 3520K, reserved 1048576K
}
Event: 1406.749 GC heap before
{Heap before GC invocations=65 (full 0):
 garbage-first heap   total 1071104K, used 351470K [0x0000000700c00000, 0x0000000800000000)
  region size 2048K, 26 young (53248K), 21 survivors (43008K)
 Metaspace       used 33461K, committed 33728K, reserved 1114112K
  class space    used 3395K, committed 3520K, reserved 1048576K
}
Event: 1406.764 GC heap after
{Heap after GC invocations=66 (full 0):
 garbage-first heap   total 1071104K, used 313344K [0x0000000700c00000, 0x0000000800000000)
  region size 2048K, 2 young (4096K), 2 survivors (4096K)
 Metaspace       used 33461K, committed 33728K, reserved 1114112K
  class space    used 3395K, committed 3520K, reserved 1048576K
}
Event: 1580.716 GC heap before
{Heap before GC invocations=66 (full 0):
 garbage-first heap   total 1071104K, used 671744K [0x0000000700c00000, 0x0000000800000000)
  region size 2048K, 178 young (364544K), 2 survivors (4096K)
 Metaspace       used 33550K, committed 33856K, reserved 1114112K
  class space    used 3400K, committed 3520K, reserved 1048576K
}
Event: 1580.757 GC heap after
{Heap after GC invocations=67 (full 0):
 garbage-first heap   total 1071104K, used 396288K [0x0000000700c00000, 0x0000000800000000)
  region size 2048K, 23 young (47104K), 23 survivors (47104K)
 Metaspace       used 33550K, committed 33856K, reserved 1114112K
  class space    used 3400K, committed 3520K, reserved 1048576K
}
Event: 1581.035 GC heap before
{Heap before GC invocations=68 (full 0):
 garbage-first heap   total 1071104K, used 596992K [0x0000000700c00000, 0x0000000800000000)
  region size 2048K, 180 young (368640K), 23 survivors (47104K)
 Metaspace       used 33550K, committed 33856K, reserved 1114112K
  class space    used 3400K, committed 3520K, reserved 1048576K
}
Event: 1581.105 GC heap after
{Heap after GC invocations=69 (full 0):
 garbage-first heap   total 1071104K, used 382976K [0x0000000700c00000, 0x0000000800000000)
  region size 2048K, 23 young (47104K), 23 survivors (47104K)
 Metaspace       used 33550K, committed 33856K, reserved 1114112K
  class space    used 3400K, committed 3520K, reserved 1048576K
}
Event: 1581.107 GC heap before
{Heap before GC invocations=69 (full 0):
 garbage-first heap   total 1071104K, used 389120K [0x0000000700c00000, 0x0000000800000000)
  region size 2048K, 26 young (53248K), 23 survivors (47104K)
 Metaspace       used 33550K, committed 33856K, reserved 1114112K
  class space    used 3400K, committed 3520K, reserved 1048576K
}

