# JRE version: Java(TM) SE Runtime Environment (19.0+36) (build 19+36-2238)
# Java VM: Java HotSpot(TM) 64-Bit Server VM (19+36-2238, mixed mode, sharing, tiered, compressed oops, compressed class ptrs, g1 gc, windows-amd64)
GC Precious Log:
 CardTable entry size: 512
 Card Set container configuration: InlinePtr #cards 5 size 8 Array Of Cards #cards 12 size 40 Howl #buckets 4 coarsen threshold 1843 Howl Bitmap #cards 512 size 80 coarsen threshold 460 Card regions per heap region 1 cards per card region 2048
 CPUs: 2 total, 2 available
 Memory: 8140M
 Large Page Support: Disabled
 NUMA Support: Disabled
 Compressed Oops: Enabled (32-bit)
 Heap Region Size: 1M
 Heap Min Capacity: 8M
 Heap Initial Capacity: 128M
 Heap Max Capacity: 2036M
 Pre-touch: Disabled
 Parallel Workers: 2
 Concurrent Workers: 1
 Concurrent Refinement Workers: 2
 Periodic GC: Disabled
Heap:
 garbage-first heap   total 379904K, used 149614K [0x0000000080c00000, 0x0000000100000000)
  region size 1024K, 12 young (12288K), 12 survivors (12288K)
 Metaspace       used 29490K, committed 29760K, reserved 1114112K
  class space    used 3178K, committed 3328K, reserved 1048576K
GC Heap History (20 events):
Event: 83.521 GC heap after
{Heap after GC invocations=24 (full 0):
 garbage-first heap   total 179200K, used 51560K [0x0000000080c00000, 0x0000000100000000)
  region size 1024K, 3 young (3072K), 3 survivors (3072K)
 Metaspace       used 29367K, committed 29632K, reserved 1114112K
  class space    used 3176K, committed 3328K, reserved 1048576K
}
Event: 83.734 GC heap before
{Heap before GC invocations=24 (full 0):
 garbage-first heap   total 179200K, used 110952K [0x0000000080c00000, 0x0000000100000000)
  region size 1024K, 61 young (62464K), 3 survivors (3072K)
 Metaspace       used 29382K, committed 29696K, reserved 1114112K
  class space    used 3177K, committed 3328K, reserved 1048576K
}
Event: 83.745 GC heap after
{Heap after GC invocations=25 (full 0):
 garbage-first heap   total 179200K, used 58936K [0x0000000080c00000, 0x0000000100000000)
  region size 1024K, 8 young (8192K), 8 survivors (8192K)
 Metaspace       used 29382K, committed 29696K, reserved 1114112K
  class space    used 3177K, committed 3328K, reserved 1048576K
}
Event: 83.954 GC heap before
{Heap before GC invocations=25 (full 0):
 garbage-first heap   total 179200K, used 118328K [0x0000000080c00000, 0x0000000100000000)
  region size 1024K, 65 young (66560K), 8 survivors (8192K)
 Metaspace       used 29408K, committed 29696K, reserved 1114112K
  class space    used 3177K, committed 3328K, reserved 1048576K
}
Event: 83.967 GC heap after
{Heap after GC invocations=26 (full 0):
 garbage-first heap   total 179200K, used 66962K [0x0000000080c00000, 0x0000000100000000)
  region size 1024K, 7 young (7168K), 7 survivors (7168K)
 Metaspace       used 29408K, committed 29696K, reserved 1114112K
  class space    used 3177K, committed 3328K, reserved 1048576K
}
Event: 83.977 GC heap before
{Heap before GC invocations=26 (full 0):
 garbage-first heap   total 179200K, used 85394K [0x0000000080c00000, 0x0000000100000000)
  region size 1024K, 26 young (26624K), 7 survivors (7168K)
 Metaspace       used 29408K, committed 29696K, reserved 1114112K
  class space    used 3177K, committed 3328K, reserved 1048576K
}
Event: 83.991 GC heap after
{Heap after GC invocations=27 (full 0):
 garbage-first heap   total 179200K, used 75260K [0x0000000080c00000, 0x0000000100000000)
  region size 1024K, 8 young (8192K), 8 survivors (8192K)
 Metaspace       used 29408K, committed 29696K, reserved 1114112K
  class space    used 3177K, committed 3328K, reserved 1048576K
}
Event: 84.175 GC heap before
{Heap before GC invocations=28 (full 0):
 garbage-first heap   total 179200K, used 125436K [0x0000000080c00000, 0x0000000100000000)
  region size 1024K, 54 young (55296K), 8 survivors (8192K)
 Metaspace       used 29420K, committed 29760K, reserved 1114112K
  class space    used 3177K, committed 3328K, reserved 1048576K
}
Event: 84.205 GC heap after
{Heap after GC invocations=29 (full 0):
 garbage-first heap   total 179200K, used 96256K [0x0000000080c00000, 0x0000000100000000)
  region size 1024K, 7 young (7168K), 7 survivors (7168K)
 Metaspace       used 29420K, committed 29760K, reserved 1114112K
  class space    used 3177K, committed 3328K, reserved 1048576K
}
Event: 84.206 GC heap before
{Heap before GC invocations=29 (full 0):
 garbage-first heap   total 179200K, used 97280K [0x0000000080c00000, 0x0000000100000000)
  region size 1024K, 8 young (8192K), 7 survivors (7168K)
 Metaspace       used 29420K, committed 29760K, reserved 1114112K
  class space    used 3177K, committed 3328K, reserved 1048576K
}
Event: 84.227 GC heap after
{Heap after GC invocations=30 (full 0):
 garbage-first heap   total 379904K, used 96768K [0x0000000080c00000, 0x0000000100000000)
  region size 1024K, 1 young (1024K), 1 survivors (1024K)
 Metaspace       used 29420K, committed 29760K, reserved 1114112K
  class space    used 3177K, committed 3328K, reserved 1048576K
}
Event: 84.616 GC heap before
{Heap before GC invocations=30 (full 0):
 garbage-first heap   total 379904K, used 230912K [0x0000000080c00000, 0x0000000100000000)
  region size 1024K, 127 young (130048K), 1 survivors (1024K)
 Metaspace       used 29449K, committed 29760K, reserved 1114112K
  class space    used 3178K, committed 3328K, reserved 1048576K
}
Event: 84.661 GC heap after
{Heap after GC invocations=31 (full 0):
 garbage-first heap   total 379904K, used 141312K [0x0000000080c00000, 0x0000000100000000)
  region size 1024K, 16 young (16384K), 16 survivors (16384K)
 Metaspace       used 29449K, committed 29760K, reserved 1114112K
  class space    used 3178K, committed 3328K, reserved 1048576K
}
Event: 84.813 GC heap before
{Heap before GC invocations=31 (full 0):
 garbage-first heap   total 379904K, used 210944K [0x0000000080c00000, 0x0000000100000000)
  region size 1024K, 85 young (87040K), 16 survivors (16384K)
 Metaspace       used 29449K, committed 29760K, reserved 1114112K
  class space    used 3178K, committed 3328K, reserved 1048576K
}
Event: 84.841 GC heap after
{Heap after GC invocations=32 (full 0):
 garbage-first heap   total 379904K, used 151296K [0x0000000080c00000, 0x0000000100000000)
  region size 1024K, 10 young (10240K), 10 survivors (10240K)
 Metaspace       used 29449K, committed 29760K, reserved 1114112K
  class space    used 3178K, committed 3328K, reserved 1048576K
}
Event: 85.145 GC heap before
{Heap before GC invocations=33 (full 0):
 garbage-first heap   total 379904K, used 224000K [0x0000000080c00000, 0x0000000100000000)
  region size 1024K, 107 young (109568K), 10 survivors (10240K)
 Metaspace       used 29487K, committed 29760K, reserved 1114112K
  class space    used 3178K, committed 3328K, reserved 1048576K
}
Event: 85.181 GC heap after
{Heap after GC invocations=34 (full 0):
 garbage-first heap   total 379904K, used 149504K [0x0000000080c00000, 0x0000000100000000)
  region size 1024K, 14 young (14336K), 14 survivors (14336K)
 Metaspace       used 29487K, committed 29760K, reserved 1114112K
  class space    used 3178K, committed 3328K, reserved 1048576K
}
Event: 85.195 GC heap before
{Heap before GC invocations=34 (full 0):
 garbage-first heap   total 379904K, used 153600K [0x0000000080c00000, 0x0000000100000000)
  region size 1024K, 18 young (18432K), 14 survivors (14336K)
 Metaspace       used 29490K, committed 29760K, reserved 1114112K
  class space    used 3178K, committed 3328K, reserved 1048576K
}
Event: 85.208 GC heap after
{Heap after GC invocations=35 (full 0):
 garbage-first heap   total 379904K, used 140032K [0x0000000080c00000, 0x0000000100000000)
  region size 1024K, 3 young (3072K), 3 survivors (3072K)
 Metaspace       used 29490K, committed 29760K, reserved 1114112K
  class space    used 3178K, committed 3328K, reserved 1048576K
}
Event: 85.239 GC heap before
{Heap before GC invocations=35 (full 0):
 garbage-first heap   total 379904K, used 164608K [0x0000000080c00000, 0x0000000100000000)
  region size 1024K, 29 young (29696K), 3 survivors (3072K)
 Metaspace       used 29490K, committed 29760K, reserved 1114112K
  class space    used 3178K, committed 3328K, reserved 1048576K
}

