# JRE version: Java(TM) SE Runtime Environment (19.0+36) (build 19+36-2238)
# Java VM: Java HotSpot(TM) 64-Bit Server VM (19+36-2238, mixed mode, sharing, tiered, compressed oops, compressed class ptrs, g1 gc, windows-amd64)
GC Precious Log:
 CardTable entry size: 512
 Card Set container configuration: InlinePtr #cards 5 size 8 Array Of Cards #cards 12 size 40 Howl #buckets 4 coarsen threshold 1843 Howl Bitmap #cards 512 size 80 coarsen threshold 460 Card regions per heap region 1 cards per card region 2048
 CPUs: 2 total, 2 available
 Memory: 8140M
 Large Page Support: Disabled
 NUMA Support: Disabled
 Compressed Oops: Enabled (32-bit)
 Heap Region Size: 1M
 Heap Min Capacity: 8M
 Heap Initial Capacity: 128M
 Heap Max Capacity: 2036M
 Pre-touch: Disabled
 Parallel Workers: 2
 Concurrent Workers: 1
 Concurrent Refinement Workers: 2
 Periodic GC: Disabled
Heap:
 garbage-first heap   total 353280K, used 122368K [0x0000000080c00000, 0x0000000100000000)
  region size 1024K, 1 young (1024K), 1 survivors (1024K)
 Metaspace       used 29496K, committed 29760K, reserved 1114112K
  class space    used 3173K, committed 3328K, reserved 1048576K
GC Heap History (20 events):
Event: 102.737 GC heap after
{Heap after GC invocations=25 (full 0):
 garbage-first heap   total 202752K, used 63967K [0x0000000080c00000, 0x0000000100000000)
  region size 1024K, 10 young (10240K), 10 survivors (10240K)
 Metaspace       used 29393K, committed 29760K, reserved 1114112K
  class space    used 3173K, committed 3328K, reserved 1048576K
}
Event: 102.918 GC heap before
{Heap before GC invocations=25 (full 0):
 garbage-first heap   total 202752K, used 131551K [0x0000000080c00000, 0x0000000100000000)
  region size 1024K, 75 young (76800K), 10 survivors (10240K)
 Metaspace       used 29412K, committed 29760K, reserved 1114112K
  class space    used 3173K, committed 3328K, reserved 1048576K
}
Event: 102.942 GC heap after
{Heap after GC invocations=26 (full 0):
 garbage-first heap   total 202752K, used 79640K [0x0000000080c00000, 0x0000000100000000)
  region size 1024K, 10 young (10240K), 10 survivors (10240K)
 Metaspace       used 29412K, committed 29760K, reserved 1114112K
  class space    used 3173K, committed 3328K, reserved 1048576K
}
Event: 102.951 GC heap before
{Heap before GC invocations=26 (full 0):
 garbage-first heap   total 202752K, used 92952K [0x0000000080c00000, 0x0000000100000000)
  region size 1024K, 24 young (24576K), 10 survivors (10240K)
 Metaspace       used 29412K, committed 29760K, reserved 1114112K
  class space    used 3173K, committed 3328K, reserved 1048576K
}
Event: 102.969 GC heap after
{Heap after GC invocations=27 (full 0):
 garbage-first heap   total 202752K, used 86016K [0x0000000080c00000, 0x0000000100000000)
  region size 1024K, 6 young (6144K), 6 survivors (6144K)
 Metaspace       used 29412K, committed 29760K, reserved 1114112K
  class space    used 3173K, committed 3328K, reserved 1048576K
}
Event: 103.193 GC heap before
{Heap before GC invocations=28 (full 0):
 garbage-first heap   total 202752K, used 142336K [0x0000000080c00000, 0x0000000100000000)
  region size 1024K, 58 young (59392K), 6 survivors (6144K)
 Metaspace       used 29422K, committed 29760K, reserved 1114112K
  class space    used 3173K, committed 3328K, reserved 1048576K
}
Event: 103.223 GC heap after
{Heap after GC invocations=29 (full 0):
 garbage-first heap   total 202752K, used 109568K [0x0000000080c00000, 0x0000000100000000)
  region size 1024K, 8 young (8192K), 8 survivors (8192K)
 Metaspace       used 29422K, committed 29760K, reserved 1114112K
  class space    used 3173K, committed 3328K, reserved 1048576K
}
Event: 103.224 GC heap before
{Heap before GC invocations=29 (full 0):
 garbage-first heap   total 202752K, used 110592K [0x0000000080c00000, 0x0000000100000000)
  region size 1024K, 9 young (9216K), 8 survivors (8192K)
 Metaspace       used 29422K, committed 29760K, reserved 1114112K
  class space    used 3173K, committed 3328K, reserved 1048576K
}
Event: 103.240 GC heap after
{Heap after GC invocations=30 (full 0):
 garbage-first heap   total 414720K, used 109568K [0x0000000080c00000, 0x0000000100000000)
  region size 1024K, 1 young (1024K), 1 survivors (1024K)
 Metaspace       used 29422K, committed 29760K, reserved 1114112K
  class space    used 3173K, committed 3328K, reserved 1048576K
}
Event: 103.252 GC heap before
{Heap before GC invocations=30 (full 0):
 garbage-first heap   total 414720K, used 117760K [0x0000000080c00000, 0x0000000100000000)
  region size 1024K, 10 young (10240K), 1 survivors (1024K)
 Metaspace       used 29422K, committed 29760K, reserved 1114112K
  class space    used 3173K, committed 3328K, reserved 1048576K
}
Event: 103.259 GC heap after
{Heap after GC invocations=31 (full 0):
 garbage-first heap   total 414720K, used 113107K [0x0000000080c00000, 0x0000000100000000)
  region size 1024K, 5 young (5120K), 5 survivors (5120K)
 Metaspace       used 29422K, committed 29760K, reserved 1114112K
  class space    used 3173K, committed 3328K, reserved 1048576K
}
Event: 103.941 GC heap before
{Heap before GC invocations=32 (full 0):
 garbage-first heap   total 378880K, used 247251K [0x0000000080c00000, 0x0000000100000000)
  region size 1024K, 133 young (136192K), 5 survivors (5120K)
 Metaspace       used 29456K, committed 29760K, reserved 1114112K
  class space    used 3173K, committed 3328K, reserved 1048576K
}
Event: 103.970 GC heap after
{Heap after GC invocations=33 (full 0):
 garbage-first heap   total 378880K, used 140543K [0x0000000080c00000, 0x0000000100000000)
  region size 1024K, 17 young (17408K), 17 survivors (17408K)
 Metaspace       used 29456K, committed 29760K, reserved 1114112K
  class space    used 3173K, committed 3328K, reserved 1048576K
}
Event: 103.973 GC heap before
{Heap before GC invocations=33 (full 0):
 garbage-first heap   total 378880K, used 141567K [0x0000000080c00000, 0x0000000100000000)
  region size 1024K, 18 young (18432K), 17 survivors (17408K)
 Metaspace       used 29456K, committed 29760K, reserved 1114112K
  class space    used 3173K, committed 3328K, reserved 1048576K
}
Event: 103.991 GC heap after
{Heap after GC invocations=34 (full 0):
 garbage-first heap   total 378880K, used 141312K [0x0000000080c00000, 0x0000000100000000)
  region size 1024K, 1 young (1024K), 1 survivors (1024K)
 Metaspace       used 29456K, committed 29760K, reserved 1114112K
  class space    used 3173K, committed 3328K, reserved 1048576K
}
Event: 104.016 GC heap before
{Heap before GC invocations=34 (full 0):
 garbage-first heap   total 378880K, used 164864K [0x0000000080c00000, 0x0000000100000000)
  region size 1024K, 25 young (25600K), 1 survivors (1024K)
 Metaspace       used 29456K, committed 29760K, reserved 1114112K
  class space    used 3173K, committed 3328K, reserved 1048576K
}
Event: 104.028 GC heap after
{Heap after GC invocations=35 (full 0):
 garbage-first heap   total 378880K, used 148830K [0x0000000080c00000, 0x0000000100000000)
  region size 1024K, 9 young (9216K), 9 survivors (9216K)
 Metaspace       used 29456K, committed 29760K, reserved 1114112K
  class space    used 3173K, committed 3328K, reserved 1048576K
}
Event: 104.320 GC heap before
{Heap before GC invocations=36 (full 0):
 garbage-first heap   total 348160K, used 217438K [0x0000000080c00000, 0x0000000100000000)
  region size 1024K, 115 young (117760K), 9 survivors (9216K)
 Metaspace       used 29496K, committed 29760K, reserved 1114112K
  class space    used 3173K, committed 3328K, reserved 1048576K
}
Event: 104.369 GC heap after
{Heap after GC invocations=37 (full 0):
 garbage-first heap   total 348160K, used 136918K [0x0000000080c00000, 0x0000000100000000)
  region size 1024K, 15 young (15360K), 15 survivors (15360K)
 Metaspace       used 29496K, committed 29760K, reserved 1114112K
  class space    used 3173K, committed 3328K, reserved 1048576K
}
Event: 104.374 GC heap before
{Heap before GC invocations=37 (full 0):
 garbage-first heap   total 348160K, used 138966K [0x0000000080c00000, 0x0000000100000000)
  region size 1024K, 17 young (17408K), 15 survivors (15360K)
 Metaspace       used 29496K, committed 29760K, reserved 1114112K
  class space    used 3173K, committed 3328K, reserved 1048576K
}

