# JRE version: Java(TM) SE Runtime Environment (19.0+36) (build 19+36-2238)
# Java VM: Java HotSpot(TM) 64-Bit Server VM (19+36-2238, mixed mode, sharing, tiered, compressed oops, compressed class ptrs, g1 gc, windows-amd64)
GC Precious Log:
 CardTable entry size: 512
 Card Set container configuration: InlinePtr #cards 5 size 8 Array Of Cards #cards 12 size 40 Howl #buckets 4 coarsen threshold 1843 Howl Bitmap #cards 512 size 80 coarsen threshold 460 Card regions per heap region 1 cards per card region 2048
 CPUs: 2 total, 2 available
 Memory: 8140M
 Large Page Support: Disabled
 NUMA Support: Disabled
 Compressed Oops: Enabled (32-bit)
 Heap Region Size: 1M
 Heap Min Capacity: 8M
 Heap Initial Capacity: 128M
 Heap Max Capacity: 2036M
 Pre-touch: Disabled
 Parallel Workers: 2
 Concurrent Workers: 1
 Concurrent Refinement Workers: 2
 Periodic GC: Disabled
Heap:
 garbage-first heap   total 523264K, used 123692K [0x0000000080c00000, 0x0000000100000000)
  region size 1024K, 3 young (3072K), 3 survivors (3072K)
 Metaspace       used 28577K, committed 28864K, reserved 1114112K
  class space    used 3137K, committed 3264K, reserved 1048576K
GC Heap History (20 events):
Event: 78.048 GC heap after
{Heap after GC invocations=18 (full 0):
 garbage-first heap   total 174080K, used 92129K [0x0000000080c00000, 0x0000000100000000)
  region size 1024K, 1 young (1024K), 1 survivors (1024K)
 Metaspace       used 28511K, committed 28800K, reserved 1114112K
  class space    used 3136K, committed 3264K, reserved 1048576K
}
Event: 78.065 GC heap before
{Heap before GC invocations=18 (full 0):
 garbage-first heap   total 174080K, used 113633K [0x0000000080c00000, 0x0000000100000000)
  region size 1024K, 23 young (23552K), 1 survivors (1024K)
 Metaspace       used 28511K, committed 28800K, reserved 1114112K
  class space    used 3136K, committed 3264K, reserved 1048576K
}
Event: 78.077 GC heap after
{Heap after GC invocations=19 (full 0):
 garbage-first heap   total 174080K, used 100352K [0x0000000080c00000, 0x0000000100000000)
  region size 1024K, 5 young (5120K), 5 survivors (5120K)
 Metaspace       used 28511K, committed 28800K, reserved 1114112K
  class space    used 3136K, committed 3264K, reserved 1048576K
}
Event: 78.380 GC heap before
{Heap before GC invocations=20 (full 0):
 garbage-first heap   total 174080K, used 135168K [0x0000000080c00000, 0x0000000100000000)
  region size 1024K, 36 young (36864K), 5 survivors (5120K)
 Metaspace       used 28522K, committed 28800K, reserved 1114112K
  class space    used 3137K, committed 3264K, reserved 1048576K
}
Event: 78.398 GC heap after
{Heap after GC invocations=21 (full 0):
 garbage-first heap   total 174080K, used 116730K [0x0000000080c00000, 0x0000000100000000)
  region size 1024K, 5 young (5120K), 5 survivors (5120K)
 Metaspace       used 28522K, committed 28800K, reserved 1114112K
  class space    used 3137K, committed 3264K, reserved 1048576K
}
Event: 78.427 GC heap before
{Heap before GC invocations=21 (full 0):
 garbage-first heap   total 174080K, used 119802K [0x0000000080c00000, 0x0000000100000000)
  region size 1024K, 8 young (8192K), 5 survivors (5120K)
 Metaspace       used 28522K, committed 28800K, reserved 1114112K
  class space    used 3137K, committed 3264K, reserved 1048576K
}
Event: 78.434 GC heap after
{Heap after GC invocations=22 (full 0):
 garbage-first heap   total 174080K, used 119296K [0x0000000080c00000, 0x0000000100000000)
  region size 1024K, 1 young (1024K), 1 survivors (1024K)
 Metaspace       used 28522K, committed 28800K, reserved 1114112K
  class space    used 3137K, committed 3264K, reserved 1048576K
}
Event: 78.531 GC heap before
{Heap before GC invocations=22 (full 0):
 garbage-first heap   total 174080K, used 136704K [0x0000000080c00000, 0x0000000100000000)
  region size 1024K, 19 young (19456K), 1 survivors (1024K)
 Metaspace       used 28532K, committed 28800K, reserved 1114112K
  class space    used 3137K, committed 3264K, reserved 1048576K
}
Event: 78.540 GC heap after
{Heap after GC invocations=23 (full 0):
 garbage-first heap   total 522240K, used 126976K [0x0000000080c00000, 0x0000000100000000)
  region size 1024K, 3 young (3072K), 3 survivors (3072K)
 Metaspace       used 28532K, committed 28800K, reserved 1114112K
  class space    used 3137K, committed 3264K, reserved 1048576K
}
Event: 79.383 GC heap before
{Heap before GC invocations=24 (full 0):
 garbage-first heap   total 239616K, used 238592K [0x0000000080c00000, 0x0000000100000000)
  region size 1024K, 164 young (167936K), 3 survivors (3072K)
 Metaspace       used 28558K, committed 28864K, reserved 1114112K
  class space    used 3137K, committed 3264K, reserved 1048576K
}
Event: 79.417 GC heap after
{Heap after GC invocations=25 (full 0):
 garbage-first heap   total 267264K, used 99328K [0x0000000080c00000, 0x0000000100000000)
  region size 1024K, 26 young (26624K), 26 survivors (26624K)
 Metaspace       used 28558K, committed 28864K, reserved 1114112K
  class space    used 3137K, committed 3264K, reserved 1048576K
}
Event: 79.425 GC heap before
{Heap before GC invocations=25 (full 0):
 garbage-first heap   total 267264K, used 100352K [0x0000000080c00000, 0x0000000100000000)
  region size 1024K, 27 young (27648K), 26 survivors (26624K)
 Metaspace       used 28573K, committed 28864K, reserved 1114112K
  class space    used 3137K, committed 3264K, reserved 1048576K
}
Event: 79.455 GC heap after
{Heap after GC invocations=26 (full 0):
 garbage-first heap   total 267264K, used 90660K [0x0000000080c00000, 0x0000000100000000)
  region size 1024K, 1 young (1024K), 1 survivors (1024K)
 Metaspace       used 28573K, committed 28864K, reserved 1114112K
  class space    used 3137K, committed 3264K, reserved 1048576K
}
Event: 79.465 GC heap before
{Heap before GC invocations=26 (full 0):
 garbage-first heap   total 267264K, used 109092K [0x0000000080c00000, 0x0000000100000000)
  region size 1024K, 21 young (21504K), 1 survivors (1024K)
 Metaspace       used 28573K, committed 28864K, reserved 1114112K
  class space    used 3137K, committed 3264K, reserved 1048576K
}
Event: 79.475 GC heap after
{Heap after GC invocations=27 (full 0):
 garbage-first heap   total 267264K, used 98795K [0x0000000080c00000, 0x0000000100000000)
  region size 1024K, 9 young (9216K), 9 survivors (9216K)
 Metaspace       used 28573K, committed 28864K, reserved 1114112K
  class space    used 3137K, committed 3264K, reserved 1048576K
}
Event: 79.714 GC heap before
{Heap before GC invocations=28 (full 0):
 garbage-first heap   total 267264K, used 179691K [0x0000000080c00000, 0x0000000100000000)
  region size 1024K, 89 young (91136K), 9 survivors (9216K)
 Metaspace       used 28577K, committed 28864K, reserved 1114112K
  class space    used 3137K, committed 3264K, reserved 1048576K
}
Event: 79.756 GC heap after
{Heap after GC invocations=29 (full 0):
 garbage-first heap   total 267264K, used 129932K [0x0000000080c00000, 0x0000000100000000)
  region size 1024K, 12 young (12288K), 12 survivors (12288K)
 Metaspace       used 28577K, committed 28864K, reserved 1114112K
  class space    used 3137K, committed 3264K, reserved 1048576K
}
Event: 79.758 GC heap before
{Heap before GC invocations=29 (full 0):
 garbage-first heap   total 267264K, used 130956K [0x0000000080c00000, 0x0000000100000000)
  region size 1024K, 13 young (13312K), 12 survivors (12288K)
 Metaspace       used 28577K, committed 28864K, reserved 1114112K
  class space    used 3137K, committed 3264K, reserved 1048576K
}
Event: 79.771 GC heap after
{Heap after GC invocations=30 (full 0):
 garbage-first heap   total 267264K, used 122368K [0x0000000080c00000, 0x0000000100000000)
  region size 1024K, 1 young (1024K), 1 survivors (1024K)
 Metaspace       used 28577K, committed 28864K, reserved 1114112K
  class space    used 3137K, committed 3264K, reserved 1048576K
}
Event: 79.773 GC heap before
{Heap before GC invocations=30 (full 0):
 garbage-first heap   total 267264K, used 125440K [0x0000000080c00000, 0x0000000100000000)
  region size 1024K, 5 young (5120K), 1 survivors (1024K)
 Metaspace       used 28577K, committed 28864K, reserved 1114112K
  class space    used 3137K, committed 3264K, reserved 1048576K
}

