# JRE version: Java(TM) SE Runtime Environment (19.0+36) (build 19+36-2238)
# Java VM: Java HotSpot(TM) 64-Bit Server VM (19+36-2238, mixed mode, sharing, tiered, compressed oops, compressed class ptrs, g1 gc, windows-amd64)
GC Precious Log:
 CardTable entry size: 512
 Card Set container configuration: InlinePtr #cards 4 size 8 Array Of Cards #cards 8 size 32 Howl #buckets 8 coarsen threshold 3686 Howl Bitmap #cards 512 size 80 coarsen threshold 460 Card regions per heap region 1 cards per card region 4096
 CPUs: 4 total, 4 available
 Memory: 16332M
 Large Page Support: Disabled
 NUMA Support: Disabled
 Compressed Oops: Enabled (Zero based)
 Heap Region Size: 2M
 Heap Min Capacity: 8M
 Heap Initial Capacity: 256M
 Heap Max Capacity: 4084M
 Pre-touch: Disabled
 Parallel Workers: 4
 Concurrent Workers: 1
 Concurrent Refinement Workers: 4
 Periodic GC: Disabled
Heap:
 garbage-first heap   total 712704K, used 279552K [0x0000000700c00000, 0x0000000800000000)
  region size 2048K, 12 young (24576K), 12 survivors (24576K)
 Metaspace       used 30845K, committed 31104K, reserved 1114112K
  class space    used 3256K, committed 3392K, reserved 1048576K
GC Heap History (20 events):
Event: 77.241 GC heap after
{Heap after GC invocations=18 (full 0):
 garbage-first heap   total 245760K, used 100646K [0x0000000700c00000, 0x0000000800000000)
  region size 2048K, 9 young (18432K), 9 survivors (18432K)
 Metaspace       used 29575K, committed 29824K, reserved 1114112K
  class space    used 3226K, committed 3328K, reserved 1048576K
}
Event: 77.277 GC heap before
{Heap before GC invocations=18 (full 0):
 garbage-first heap   total 245760K, used 153894K [0x0000000700c00000, 0x0000000800000000)
  region size 2048K, 35 young (71680K), 9 survivors (18432K)
 Metaspace       used 29576K, committed 29824K, reserved 1114112K
  class space    used 3226K, committed 3328K, reserved 1048576K
}
Event: 77.302 GC heap after
{Heap after GC invocations=19 (full 0):
 garbage-first heap   total 245760K, used 121642K [0x0000000700c00000, 0x0000000800000000)
  region size 2048K, 5 young (10240K), 5 survivors (10240K)
 Metaspace       used 29576K, committed 29824K, reserved 1114112K
  class space    used 3226K, committed 3328K, reserved 1048576K
}
Event: 77.356 GC heap before
{Heap before GC invocations=19 (full 0):
 garbage-first heap   total 245760K, used 164650K [0x0000000700c00000, 0x0000000800000000)
  region size 2048K, 27 young (55296K), 5 survivors (10240K)
 Metaspace       used 29605K, committed 29888K, reserved 1114112K
  class space    used 3227K, committed 3328K, reserved 1048576K
}
Event: 77.369 GC heap after
{Heap after GC invocations=20 (full 0):
 garbage-first heap   total 245760K, used 144384K [0x0000000700c00000, 0x0000000800000000)
  region size 2048K, 4 young (8192K), 4 survivors (8192K)
 Metaspace       used 29605K, committed 29888K, reserved 1114112K
  class space    used 3227K, committed 3328K, reserved 1048576K
}
Event: 77.431 GC heap before
{Heap before GC invocations=20 (full 0):
 garbage-first heap   total 245760K, used 177152K [0x0000000700c00000, 0x0000000800000000)
  region size 2048K, 21 young (43008K), 4 survivors (8192K)
 Metaspace       used 29610K, committed 29888K, reserved 1114112K
  class space    used 3227K, committed 3328K, reserved 1048576K
}
Event: 77.442 GC heap after
{Heap after GC invocations=21 (full 0):
 garbage-first heap   total 712704K, used 160768K [0x0000000700c00000, 0x0000000800000000)
  region size 2048K, 3 young (6144K), 3 survivors (6144K)
 Metaspace       used 29610K, committed 29888K, reserved 1114112K
  class space    used 3227K, committed 3328K, reserved 1048576K
}
Event: 77.844 GC heap before
{Heap before GC invocations=22 (full 0):
 garbage-first heap   total 669696K, used 388096K [0x0000000700c00000, 0x0000000800000000)
  region size 2048K, 115 young (235520K), 3 survivors (6144K)
 Metaspace       used 29650K, committed 29888K, reserved 1114112K
  class space    used 3227K, committed 3328K, reserved 1048576K
}
Event: 77.885 GC heap after
{Heap after GC invocations=23 (full 0):
 garbage-first heap   total 669696K, used 213630K [0x0000000700c00000, 0x0000000800000000)
  region size 2048K, 15 young (30720K), 15 survivors (30720K)
 Metaspace       used 29650K, committed 29888K, reserved 1114112K
  class space    used 3227K, committed 3328K, reserved 1048576K
}
Event: 77.888 GC heap before
{Heap before GC invocations=23 (full 0):
 garbage-first heap   total 669696K, used 215678K [0x0000000700c00000, 0x0000000800000000)
  region size 2048K, 16 young (32768K), 15 survivors (30720K)
 Metaspace       used 29655K, committed 29888K, reserved 1114112K
  class space    used 3227K, committed 3328K, reserved 1048576K
}
Event: 77.907 GC heap after
{Heap after GC invocations=24 (full 0):
 garbage-first heap   total 669696K, used 215976K [0x0000000700c00000, 0x0000000800000000)
  region size 2048K, 1 young (2048K), 1 survivors (2048K)
 Metaspace       used 29655K, committed 29888K, reserved 1114112K
  class space    used 3227K, committed 3328K, reserved 1048576K
}
Event: 238.157 GC heap before
{Heap before GC invocations=24 (full 0):
 garbage-first heap   total 669696K, used 342952K [0x0000000700c00000, 0x0000000800000000)
  region size 2048K, 65 young (133120K), 1 survivors (2048K)
 Metaspace       used 30707K, committed 31040K, reserved 1114112K
  class space    used 3256K, committed 3392K, reserved 1048576K
}
Event: 238.176 GC heap after
{Heap after GC invocations=25 (full 0):
 garbage-first heap   total 669696K, used 251904K [0x0000000700c00000, 0x0000000800000000)
  region size 2048K, 14 young (28672K), 14 survivors (28672K)
 Metaspace       used 30707K, committed 31040K, reserved 1114112K
  class space    used 3256K, committed 3392K, reserved 1048576K
}
Event: 320.587 GC heap before
{Heap before GC invocations=26 (full 0):
 garbage-first heap   total 669696K, used 391168K [0x0000000700c00000, 0x0000000800000000)
  region size 2048K, 106 young (217088K), 14 survivors (28672K)
 Metaspace       used 30813K, committed 31104K, reserved 1114112K
  class space    used 3256K, committed 3392K, reserved 1048576K
}
Event: 320.619 GC heap after
{Heap after GC invocations=27 (full 0):
 garbage-first heap   total 669696K, used 242958K [0x0000000700c00000, 0x0000000800000000)
  region size 2048K, 14 young (28672K), 14 survivors (28672K)
 Metaspace       used 30813K, committed 31104K, reserved 1114112K
  class space    used 3256K, committed 3392K, reserved 1048576K
}
Event: 320.621 GC heap before
{Heap before GC invocations=27 (full 0):
 garbage-first heap   total 669696K, used 247054K [0x0000000700c00000, 0x0000000800000000)
  region size 2048K, 16 young (32768K), 14 survivors (28672K)
 Metaspace       used 30813K, committed 31104K, reserved 1114112K
  class space    used 3256K, committed 3392K, reserved 1048576K
}
Event: 320.637 GC heap after
{Heap after GC invocations=28 (full 0):
 garbage-first heap   total 669696K, used 227328K [0x0000000700c00000, 0x0000000800000000)
  region size 2048K, 2 young (4096K), 2 survivors (4096K)
 Metaspace       used 30813K, committed 31104K, reserved 1114112K
  class space    used 3256K, committed 3392K, reserved 1048576K
}
Event: 320.849 GC heap before
{Heap before GC invocations=28 (full 0):
 garbage-first heap   total 669696K, used 438272K [0x0000000700c00000, 0x0000000800000000)
  region size 2048K, 106 young (217088K), 2 survivors (4096K)
 Metaspace       used 30835K, committed 31104K, reserved 1114112K
  class space    used 3256K, committed 3392K, reserved 1048576K
}
Event: 320.894 GC heap after
{Heap after GC invocations=29 (full 0):
 garbage-first heap   total 669696K, used 309248K [0x0000000700c00000, 0x0000000800000000)
  region size 2048K, 14 young (28672K), 14 survivors (28672K)
 Metaspace       used 30835K, committed 31104K, reserved 1114112K
  class space    used 3256K, committed 3392K, reserved 1048576K
}
Event: 321.063 GC heap before
{Heap before GC invocations=29 (full 0):
 garbage-first heap   total 669696K, used 397312K [0x0000000700c00000, 0x0000000800000000)
  region size 2048K, 89 young (182272K), 14 survivors (28672K)
 Metaspace       used 30845K, committed 31104K, reserved 1114112K
  class space    used 3256K, committed 3392K, reserved 1048576K
}

