# JRE version: Java(TM) SE Runtime Environment (19.0+36) (build 19+36-2238)
# Java VM: Java HotSpot(TM) 64-Bit Server VM (19+36-2238, mixed mode, sharing, tiered, compressed oops, compressed class ptrs, g1 gc, windows-amd64)
GC Precious Log:
 CardTable entry size: 512
 Card Set container configuration: InlinePtr #cards 5 size 8 Array Of Cards #cards 12 size 40 Howl #buckets 4 coarsen threshold 1843 Howl Bitmap #cards 512 size 80 coarsen threshold 460 Card regions per heap region 1 cards per card region 2048
 CPUs: 2 total, 2 available
 Memory: 8140M
 Large Page Support: Disabled
 NUMA Support: Disabled
 Compressed Oops: Enabled (32-bit)
 Heap Region Size: 1M
 Heap Min Capacity: 8M
 Heap Initial Capacity: 128M
 Heap Max Capacity: 2036M
 Pre-touch: Disabled
 Parallel Workers: 2
 Concurrent Workers: 1
 Concurrent Refinement Workers: 2
 Periodic GC: Disabled
Heap:
 garbage-first heap   total 495616K, used 199640K [0x0000000080c00000, 0x0000000100000000)
  region size 1024K, 10 young (10240K), 10 survivors (10240K)
 Metaspace       used 30517K, committed 30784K, reserved 1114112K
  class space    used 3267K, committed 3392K, reserved 1048576K
GC Heap History (20 events):
Event: 219.878 GC heap after
{Heap after GC invocations=36 (full 0):
 garbage-first heap   total 454656K, used 190208K [0x0000000080c00000, 0x0000000100000000)
  region size 1024K, 1 young (1024K), 1 survivors (1024K)
 Metaspace       used 30205K, committed 30464K, reserved 1114112K
  class space    used 3267K, committed 3392K, reserved 1048576K
}
Event: 219.977 GC heap before
{Heap before GC invocations=36 (full 0):
 garbage-first heap   total 454656K, used 247552K [0x0000000080c00000, 0x0000000100000000)
  region size 1024K, 59 young (60416K), 1 survivors (1024K)
 Metaspace       used 30211K, committed 30464K, reserved 1114112K
  class space    used 3267K, committed 3392K, reserved 1048576K
}
Event: 219.987 GC heap after
{Heap after GC invocations=37 (full 0):
 garbage-first heap   total 454656K, used 198387K [0x0000000080c00000, 0x0000000100000000)
  region size 1024K, 9 young (9216K), 9 survivors (9216K)
 Metaspace       used 30211K, committed 30464K, reserved 1114112K
  class space    used 3267K, committed 3392K, reserved 1048576K
}
Event: 220.260 GC heap before
{Heap before GC invocations=38 (full 0):
 garbage-first heap   total 389120K, used 233459K [0x0000000080c00000, 0x0000000100000000)
  region size 1024K, 118 young (120832K), 9 survivors (9216K)
 Metaspace       used 30234K, committed 30464K, reserved 1114112K
  class space    used 3267K, committed 3392K, reserved 1048576K
}
Event: 220.303 GC heap after
{Heap after GC invocations=39 (full 0):
 garbage-first heap   total 389120K, used 151552K [0x0000000080c00000, 0x0000000100000000)
  region size 1024K, 15 young (15360K), 15 survivors (15360K)
 Metaspace       used 30234K, committed 30464K, reserved 1114112K
  class space    used 3267K, committed 3392K, reserved 1048576K
}
Event: 220.305 GC heap before
{Heap before GC invocations=39 (full 0):
 garbage-first heap   total 389120K, used 155648K [0x0000000080c00000, 0x0000000100000000)
  region size 1024K, 19 young (19456K), 15 survivors (15360K)
 Metaspace       used 30234K, committed 30464K, reserved 1114112K
  class space    used 3267K, committed 3392K, reserved 1048576K
}
Event: 220.327 GC heap after
{Heap after GC invocations=40 (full 0):
 garbage-first heap   total 1068032K, used 137984K [0x0000000080c00000, 0x0000000100000000)
  region size 1024K, 3 young (3072K), 3 survivors (3072K)
 Metaspace       used 30234K, committed 30464K, reserved 1114112K
  class space    used 3267K, committed 3392K, reserved 1048576K
}
Event: 220.337 GC heap before
{Heap before GC invocations=40 (full 0):
 garbage-first heap   total 1068032K, used 147200K [0x0000000080c00000, 0x0000000100000000)
  region size 1024K, 14 young (14336K), 3 survivors (3072K)
 Metaspace       used 30234K, committed 30464K, reserved 1114112K
  class space    used 3267K, committed 3392K, reserved 1048576K
}
Event: 220.346 GC heap after
{Heap after GC invocations=41 (full 0):
 garbage-first heap   total 1068032K, used 141981K [0x0000000080c00000, 0x0000000100000000)
  region size 1024K, 7 young (7168K), 7 survivors (7168K)
 Metaspace       used 30234K, committed 30464K, reserved 1114112K
  class space    used 3267K, committed 3392K, reserved 1048576K
}
Event: 220.999 GC heap before
{Heap before GC invocations=42 (full 0):
 garbage-first heap   total 419840K, used 417437K [0x0000000080c00000, 0x0000000100000000)
  region size 1024K, 283 young (289792K), 7 survivors (7168K)
 Metaspace       used 30243K, committed 30464K, reserved 1114112K
  class space    used 3267K, committed 3392K, reserved 1048576K
}
Event: 221.115 GC heap after
{Heap after GC invocations=43 (full 0):
 garbage-first heap   total 495616K, used 204247K [0x0000000080c00000, 0x0000000100000000)
  region size 1024K, 47 young (48128K), 47 survivors (48128K)
 Metaspace       used 30243K, committed 30464K, reserved 1114112K
  class space    used 3267K, committed 3392K, reserved 1048576K
}
Event: 221.117 GC heap before
{Heap before GC invocations=43 (full 0):
 garbage-first heap   total 495616K, used 205271K [0x0000000080c00000, 0x0000000100000000)
  region size 1024K, 48 young (49152K), 47 survivors (48128K)
 Metaspace       used 30243K, committed 30464K, reserved 1114112K
  class space    used 3267K, committed 3392K, reserved 1048576K
}
Event: 221.161 GC heap after
{Heap after GC invocations=44 (full 0):
 garbage-first heap   total 495616K, used 202241K [0x0000000080c00000, 0x0000000100000000)
  region size 1024K, 2 young (2048K), 2 survivors (2048K)
 Metaspace       used 30243K, committed 30464K, reserved 1114112K
  class space    used 3267K, committed 3392K, reserved 1048576K
}
Event: 221.168 GC heap before
{Heap before GC invocations=44 (full 0):
 garbage-first heap   total 495616K, used 215553K [0x0000000080c00000, 0x0000000100000000)
  region size 1024K, 16 young (16384K), 2 survivors (2048K)
 Metaspace       used 30243K, committed 30464K, reserved 1114112K
  class space    used 3267K, committed 3392K, reserved 1048576K
}
Event: 221.175 GC heap after
{Heap after GC invocations=45 (full 0):
 garbage-first heap   total 495616K, used 207361K [0x0000000080c00000, 0x0000000100000000)
  region size 1024K, 7 young (7168K), 7 survivors (7168K)
 Metaspace       used 30243K, committed 30464K, reserved 1114112K
  class space    used 3267K, committed 3392K, reserved 1048576K
}
Event: 298.185 GC heap before
{Heap before GC invocations=46 (full 0):
 garbage-first heap   total 495616K, used 292096K [0x0000000080c00000, 0x0000000100000000)
  region size 1024K, 127 young (130048K), 7 survivors (7168K)
 Metaspace       used 30492K, committed 30720K, reserved 1114112K
  class space    used 3267K, committed 3392K, reserved 1048576K
}
Event: 298.225 GC heap after
{Heap after GC invocations=47 (full 0):
 garbage-first heap   total 495616K, used 202752K [0x0000000080c00000, 0x0000000100000000)
  region size 1024K, 16 young (16384K), 16 survivors (16384K)
 Metaspace       used 30492K, committed 30720K, reserved 1114112K
  class space    used 3267K, committed 3392K, reserved 1048576K
}
Event: 298.238 GC heap before
{Heap before GC invocations=47 (full 0):
 garbage-first heap   total 495616K, used 210944K [0x0000000080c00000, 0x0000000100000000)
  region size 1024K, 24 young (24576K), 16 survivors (16384K)
 Metaspace       used 30492K, committed 30720K, reserved 1114112K
  class space    used 3267K, committed 3392K, reserved 1048576K
}
Event: 298.259 GC heap after
{Heap after GC invocations=48 (full 0):
 garbage-first heap   total 495616K, used 192000K [0x0000000080c00000, 0x0000000100000000)
  region size 1024K, 2 young (2048K), 2 survivors (2048K)
 Metaspace       used 30492K, committed 30720K, reserved 1114112K
  class space    used 3267K, committed 3392K, reserved 1048576K
}
Event: 298.497 GC heap before
{Heap before GC invocations=48 (full 0):
 garbage-first heap   total 495616K, used 265728K [0x0000000080c00000, 0x0000000100000000)
  region size 1024K, 76 young (77824K), 2 survivors (2048K)
 Metaspace       used 30517K, committed 30784K, reserved 1114112K
  class space    used 3267K, committed 3392K, reserved 1048576K
}

